<?xml version="1.0" encoding="UTF-8"?>
<!-- Generated by org.testng.reporters.JUnitXMLReporter -->
<testsuite hostname="DESKTOP-VINC94V" ignored="0" name="Test" tests="1" failures="0" timestamp="06 Jun 2020 05:27:00 GMT" time="0.058" errors="0">
  <testcase name="@BeforeClass setup" time="0.011" classname="com.crossover.e2e.GMailTest">
    <failure type="java.lang.NullPointerException">
      <![CDATA[java.lang.NullPointerException
at aq.automation.java2.TestCase.browserLaunch(TestCase.java:45)
at com.crossover.e2e.GMailTest.setup(GMailTest.java:28)
... Removed 26 stack frames]]>
    </failure>
  </testcase> <!-- @BeforeClass setup -->
  <testcase name="@AfterClass tearDown" time="0.0" classname="com.crossover.e2e.GMailTest">
    <skipped/>
  </testcase> <!-- @AfterClass tearDown -->
  <testcase name="sendingEmail" time="0.0" classname="com.crossover.e2e.GMailTest">
    <skipped/>
  </testcase> <!-- sendingEmail -->
</testsuite> <!-- Test -->
