<?xml version="1.0" encoding="UTF-8"?>
<testng-results skipped="0" failed="0" ignored="0" total="1" passed="1">
  <reporter-output>
  </reporter-output>
  <suite name="Default suite" duration-ms="46762" started-at="2020-06-23T15:29:21Z" finished-at="2020-06-23T15:30:08Z">
    <groups>
    </groups>
    <test name="Default test" duration-ms="46762" started-at="2020-06-23T15:29:21Z" finished-at="2020-06-23T15:30:08Z">
      <class name="com.crossover.e2e.GMailTest">
        <test-method status="PASS" signature="setup()[pri:0, instance:com.crossover.e2e.GMailTest@71c8becc]" name="setup" is-config="true" duration-ms="9217" started-at="2020-06-23T15:29:21Z" finished-at="2020-06-23T15:29:31Z">
          <reporter-output>
          </reporter-output>
        </test-method> <!-- setup -->
        <test-method status="PASS" signature="sendingEmail()[pri:1, instance:com.crossover.e2e.GMailTest@71c8becc]" name="sendingEmail" duration-ms="37494" started-at="2020-06-23T15:29:31Z" finished-at="2020-06-23T15:30:08Z">
          <reporter-output>
          </reporter-output>
        </test-method> <!-- sendingEmail -->
      </class> <!-- com.crossover.e2e.GMailTest -->
    </test> <!-- Default test -->
  </suite> <!-- Default suite -->
</testng-results>
